[debug] [2018-06-20T03:30:20.518Z] ----------------------------------------------------------------------
[debug] [2018-06-20T03:30:20.520Z] Command:       C:\Program Files\nodejs\node.exe C:\Users\Jinvernon\AppData\Roaming\npm\node_modules\firebase-tools\bin\firebase deploy
[debug] [2018-06-20T03:30:20.520Z] CLI Version:   3.18.4
[debug] [2018-06-20T03:30:20.520Z] Platform:      win32
[debug] [2018-06-20T03:30:20.520Z] Node Version:  v8.9.4
[debug] [2018-06-20T03:30:20.521Z] Time:          Tue Jun 19 2018 23:30:20 GMT-0400 (Venezuela Standard Time)
[debug] [2018-06-20T03:30:20.521Z] ----------------------------------------------------------------------
[debug] 
[debug] [2018-06-20T03:30:20.531Z] > command requires scopes: ["email","openid","https://www.googleapis.com/auth/cloudplatformprojects.readonly","https://www.googleapis.com/auth/firebase","https://www.googleapis.com/auth/cloud-platform"]
[debug] [2018-06-20T03:30:20.531Z] > authorizing via signed-in user
[debug] [2018-06-20T03:30:20.533Z] > refreshing access token with scopes: ["email","https://www.googleapis.com/auth/cloud-platform","https://www.googleapis.com/auth/cloudplatformprojects.readonly","https://www.googleapis.com/auth/firebase","openid"]
[debug] [2018-06-20T03:30:20.533Z] >>> HTTP REQUEST POST https://www.googleapis.com/oauth2/v3/token  
 { refresh_token: '1/j2izKkuQ8SaUkOmd-ct4sNgOtyIVWFhDc-BOCuzhMTSjlMvHKUWglMTBNkWr_TIa',
  client_id: '563584335869-fgrhgmd47bqnekij5i8b5pr03ho849e6.apps.googleusercontent.com',
  client_secret: 'j9iVZfS8kkCEFUPaAeJV0sAi',
  grant_type: 'refresh_token',
  scope: 'email https://www.googleapis.com/auth/cloud-platform https://www.googleapis.com/auth/cloudplatformprojects.readonly https://www.googleapis.com/auth/firebase openid' } 
 Tue Jun 19 2018 23:30:20 GMT-0400 (Venezuela Standard Time)
[debug] [2018-06-20T03:30:20.943Z] <<< HTTP RESPONSE 200
[debug] [2018-06-20T03:30:20.949Z] >>> HTTP REQUEST GET https://admin.firebase.com/v1/projects/camilasenglish  
  
 Tue Jun 19 2018 23:30:20 GMT-0400 (Venezuela Standard Time)
[debug] [2018-06-20T03:30:21.471Z] <<< HTTP RESPONSE 200
[debug] [2018-06-20T03:30:21.471Z] >>> HTTP REQUEST GET https://admin.firebase.com/v1/database/camilasenglish/tokens  
  
 Tue Jun 19 2018 23:30:21 GMT-0400 (Venezuela Standard Time)
[debug] [2018-06-20T03:30:21.981Z] <<< HTTP RESPONSE 200
[info] 
[info] === Deploying to 'camilasenglish'...
[info] 
[info] i  deploying hosting
[info] i  hosting: preparing dist directory for upload...
[debug] [2018-06-20T03:30:24.353Z] >>> HTTP REQUEST PUT https://deploy.firebase.com/v1/hosting/camilasenglish/uploads/-LFQEZL11lJ4rdaAAB6P?fileCount=65&message=  
  
 Tue Jun 19 2018 23:30:24 GMT-0400 (Venezuela Standard Time)
